<?xml version="1.0" encoding="UTF-8"?>
<!-- Generated by org.testng.reporters.JUnitXMLReporter -->
<testsuite hostname="lonovo-PC" name="Default test" tests="4" failures="0" timestamp="2 Nov 2018 12:49:33 GMT" time="0.069" errors="0">
  <testcase name="tc1" time="0.022" classname="day1.Demo"/>
  <testcase name="tc4" time="0.004" classname="day1.Demo"/>
  <testcase name="tc2" time="0.003" classname="day1.Demo"/>
  <testcase name="tc3" time="0.003" classname="day1.Demo"/>
</testsuite> <!-- Default test -->
